Release 14.7 - ngc2edif P.20131013 (nt)
Copyright (c) 1995-2013 Xilinx, Inc.  All rights reserved.
Reading design unit.ngc ...
WARNING:NetListWriters:298 - No output is written to unit.xncf, ignored.
Processing design ...
   Preping design's networks ...
   Preping design's macros ...
WARNING:NetListWriters:306 - Signal bus tmp_light<15 : 2> on block unit is not
   reconstructed, because there are some missing bus signals.
  finished :Prep
Writing EDIF netlist file unit.edif ...
ngc2edif: Total memory usage is 82740 kilobytes

Release 14.7 - ngc2edif P.20131013 (nt)
Copyright (c) 1995-2013 Xilinx, Inc.  All rights reserved.
Reading design unit.ngc ...
WARNING:NetListWriters:298 - No output is written to unit.xncf, ignored.
Processing design ...
   Preping design's networks ...
   Preping design's macros ...
WARNING:NetListWriters:306 - Signal bus tmp_light<15 : 2> on block unit is not
   reconstructed, because there are some missing bus signals.
  finished :Prep
Writing EDIF netlist file unit.edif ...
ngc2edif: Total memory usage is 83124 kilobytes

Release 14.7 - ngc2edif P.20131013 (nt)
Copyright (c) 1995-2013 Xilinx, Inc.  All rights reserved.
Reading design unit.ngc ...
WARNING:NetListWriters:298 - No output is written to unit.xncf, ignored.
Processing design ...
   Preping design's networks ...
   Preping design's macros ...
WARNING:NetListWriters:306 - Signal bus tmp_light<15 : 2> on block unit is not
   reconstructed, because there are some missing bus signals.
  finished :Prep
Writing EDIF netlist file unit.edif ...
ngc2edif: Total memory usage is 83380 kilobytes

Release 14.7 - ngc2edif P.20131013 (nt)
Copyright (c) 1995-2013 Xilinx, Inc.  All rights reserved.
Reading design unit.ngc ...
WARNING:NetListWriters:298 - No output is written to unit.xncf, ignored.
Processing design ...
   Preping design's networks ...
   Preping design's macros ...
WARNING:NetListWriters:306 - Signal bus tmp_light<15 : 2> on block unit is not
   reconstructed, because there are some missing bus signals.
  finished :Prep
Writing EDIF netlist file unit.edif ...
ngc2edif: Total memory usage is 82740 kilobytes

