#:C9     
#Xilinx FPGA Editor Command Log File
#Editor Version:
#:V   NT M2.1 P.20131013
#Current Working Directory:
#:D   C:\Users\Raibows\Desktop\2 ALU
#Date/Time:
#:T   Sat May 18 20:14:17 2019
#------------------------------
	#Reading alu.ncd...
	#Loading device for application Rf_Device from file '3s1200e.nph' in environment C:\Xilinx\14.7\ISE_DS\ISE\.
	#   "alu" is an NCD, version 3.2, device xc3s1200e, package fg320, speed -4
	#Design creation date: 2018.12.24.03.27.40
	#Building chip graphics...
	#Loading speed info...
	#1
setattr main edit-mode no-logic-changes
	#2
unselect -all
	#3
unselect -all
	#4
select site 'SLICE_X44Y58'
	#site "SLICE_X44Y58",  type = SLICEM  (RPM grid X93Y60)
	#5
unselect -all
	#6
select site 'SLICE_X44Y58'
	#site "SLICE_X44Y58",  type = SLICEM  (RPM grid X93Y60)
	#7
post block
	#8
unselect -all
	#9
select site 'SLICE_X44Y58'
	#site "SLICE_X44Y58",  type = SLICEM  (RPM grid X93Y60)
	#10
post block
